# Logfile created on 2014-02-24 17:41:38 +1100 by logger.rb/41954
I, [2014-02-24T17:41:38.112496 #95395]  INFO -- : 0:  i18n (0.6.5) from /opt/boxen/rbenv/versions/2.0.0-p353/lib/ruby/gems/2.0.0/specifications/i18n-0.6.5.gemspec
I, [2014-02-24T17:41:38.112588 #95398]  INFO -- : 3:  minitest (4.7.5) from /opt/boxen/rbenv/versions/2.0.0-p353/lib/ruby/gems/2.0.0/specifications/minitest-4.7.5.gemspec
I, [2014-02-24T17:41:38.112689 #95402]  INFO -- : 7:  tzinfo (0.3.37) from /opt/boxen/rbenv/versions/2.0.0-p353/lib/ruby/gems/2.0.0/specifications/tzinfo-0.3.37.gemspec
# Logfile created on 2014-02-24 17:41:38 +1100 by logger.rb/41954
I, [2014-02-24T17:41:38.113008 #95401]  INFO -- : 6:  ast (1.1.0) from /opt/boxen/rbenv/versions/2.0.0-p353/lib/ruby/gems/2.0.0/specifications/ast-1.1.0.gemspec
I, [2014-02-24T17:41:38.113062 #95396]  INFO -- : 1:  rake (10.1.0) from /opt/boxen/rbenv/versions/2.0.0-p353/lib/ruby/gems/2.0.0/specifications/rake-10.1.0.gemspec
I, [2014-02-24T17:41:38.112676 #95399]  INFO -- : 4:  atomic (1.1.14) from /opt/boxen/rbenv/versions/2.0.0-p353/lib/ruby/gems/2.0.0/specifications/atomic-1.1.14.gemspec
I, [2014-02-24T17:41:38.113721 #95397]  INFO -- : 2:  sass (3.2.14) from /opt/boxen/rbenv/versions/2.0.0-p353/lib/ruby/gems/2.0.0/specifications/sass-3.2.14.gemspec
I, [2014-02-24T17:41:38.114292 #95398]  INFO -- : 3:  coderay (1.0.9) from /opt/boxen/rbenv/versions/2.0.0-p353/lib/ruby/gems/2.0.0/specifications/coderay-1.0.9.gemspec
I, [2014-02-24T17:41:38.114310 #95402]  INFO -- : 7:  mime-types (1.25) from /opt/boxen/rbenv/versions/2.0.0-p353/lib/ruby/gems/2.0.0/specifications/mime-types-1.25.gemspec
I, [2014-02-24T17:41:38.114292 #95395]  INFO -- : 0:  thor (0.18.1) from /opt/boxen/rbenv/versions/2.0.0-p353/lib/ruby/gems/2.0.0/specifications/thor-0.18.1.gemspec
I, [2014-02-24T17:41:38.114434 #95396]  INFO -- : 1:  tins (0.10.0) from /opt/boxen/rbenv/versions/2.0.0-p353/lib/ruby/gems/2.0.0/specifications/tins-0.10.0.gemspec
I, [2014-02-24T17:41:38.114600 #95401]  INFO -- : 6:  simplecov-html (0.7.1) from /opt/boxen/rbenv/versions/2.0.0-p353/lib/ruby/gems/2.0.0/specifications/simplecov-html-0.7.1.gemspec
I, [2014-02-24T17:41:38.114704 #95399]  INFO -- : 4:  diff-lcs (1.2.4) from /opt/boxen/rbenv/versions/2.0.0-p353/lib/ruby/gems/2.0.0/specifications/diff-lcs-1.2.4.gemspec
I, [2014-02-24T17:41:38.114804 #95400]  INFO -- : 5:  multi_json (1.8.0) from /opt/boxen/rbenv/versions/2.0.0-p353/lib/ruby/gems/2.0.0/specifications/multi_json-1.8.0.gemspec
I, [2014-02-24T17:41:38.115345 #95398]  INFO -- : 3:  json (1.8.1) from /opt/boxen/rbenv/versions/2.0.0-p353/lib/ruby/gems/2.0.0/specifications/json-1.8.1.gemspec
I, [2014-02-24T17:41:38.115448 #95402]  INFO -- : 7:  slop (3.4.6) from /opt/boxen/rbenv/versions/2.0.0-p353/lib/ruby/gems/2.0.0/specifications/slop-3.4.6.gemspec
I, [2014-02-24T17:41:38.115623 #95397]  INFO -- : 2:  method_source (0.8.2) from /opt/boxen/rbenv/versions/2.0.0-p353/lib/ruby/gems/2.0.0/specifications/method_source-0.8.2.gemspec
I, [2014-02-24T17:41:38.115685 #95396]  INFO -- : 1:  powerpack (0.0.9) from /opt/boxen/rbenv/versions/2.0.0-p353/lib/ruby/gems/2.0.0/specifications/powerpack-0.0.9.gemspec
I, [2014-02-24T17:41:38.115744 #95395]  INFO -- : 0:  rainbow (2.0.0) from /opt/boxen/rbenv/versions/2.0.0-p353/lib/ruby/gems/2.0.0/specifications/rainbow-2.0.0.gemspec
I, [2014-02-24T17:41:38.115942 #95399]  INFO -- : 4:  rspec-core (2.14.5) from /opt/boxen/rbenv/versions/2.0.0-p353/lib/ruby/gems/2.0.0/specifications/rspec-core-2.14.5.gemspec
I, [2014-02-24T17:41:38.115980 #95401]  INFO -- : 6:  rspec-mocks (2.14.3) from /opt/boxen/rbenv/versions/2.0.0-p353/lib/ruby/gems/2.0.0/specifications/rspec-mocks-2.14.3.gemspec
I, [2014-02-24T17:41:38.116075 #95398]  INFO -- : 3:  bundler (1.5.0) from /opt/boxen/rbenv/versions/2.0.0-p353/lib/ruby/gems/2.0.0/specifications/bundler-1.5.0.gemspec
I, [2014-02-24T17:41:38.116208 #95400]  INFO -- : 5:  terminal-notifier (1.4.2) from /opt/boxen/rbenv/versions/2.0.0-p353/lib/ruby/gems/2.0.0/specifications/terminal-notifier-1.4.2.gemspec
I, [2014-02-24T17:41:38.117087 #95402]  INFO -- : 7:  thread_safe (0.1.3) from /opt/boxen/rbenv/versions/2.0.0-p353/lib/ruby/gems/2.0.0/specifications/thread_safe-0.1.3.gemspec
I, [2014-02-24T17:41:38.117265 #95396]  INFO -- : 1:  rest-client (1.6.7) from /opt/boxen/rbenv/versions/2.0.0-p353/lib/ruby/gems/2.0.0/specifications/rest-client-1.6.7.gemspec
I, [2014-02-24T17:41:38.117345 #95397]  INFO -- : 2:  term-ansicolor (1.2.2) from /opt/boxen/rbenv/versions/2.0.0-p353/lib/ruby/gems/2.0.0/specifications/term-ansicolor-1.2.2.gemspec
I, [2014-02-24T17:41:38.117393 #95395]  INFO -- : 0:  bourbon (3.1.8) from /opt/boxen/rbenv/versions/2.0.0-p353/lib/ruby/gems/2.0.0/specifications/bourbon-3.1.8.gemspec
I, [2014-02-24T17:41:38.117659 #95399]  INFO -- : 4:  rspec-expectations (2.14.2) from /opt/boxen/rbenv/versions/2.0.0-p353/lib/ruby/gems/2.0.0/specifications/rspec-expectations-2.14.2.gemspec
I, [2014-02-24T17:41:38.117880 #95400]  INFO -- : 5:  simplecov (0.7.1) from /opt/boxen/rbenv/versions/2.0.0-p353/lib/ruby/gems/2.0.0/specifications/simplecov-0.7.1.gemspec
I, [2014-02-24T17:41:38.117989 #95398]  INFO -- : 3:  parser (2.1.4) from /opt/boxen/rbenv/versions/2.0.0-p353/lib/ruby/gems/2.0.0/specifications/parser-2.1.4.gemspec
I, [2014-02-24T17:41:38.118278 #95401]  INFO -- : 6:  pry (0.9.12.2) from /opt/boxen/rbenv/versions/2.0.0-p353/lib/ruby/gems/2.0.0/specifications/pry-0.9.12.2.gemspec
I, [2014-02-24T17:41:38.118774 #95395]  INFO -- : 0:  activesupport (4.0.0) from /opt/boxen/rbenv/versions/2.0.0-p353/lib/ruby/gems/2.0.0/specifications/activesupport-4.0.0.gemspec
I, [2014-02-24T17:41:38.118815 #95396]  INFO -- : 1:  rspec (2.14.1) from /opt/boxen/rbenv/versions/2.0.0-p353/lib/ruby/gems/2.0.0/specifications/rspec-2.14.1.gemspec
I, [2014-02-24T17:41:38.119029 #95402]  INFO -- : 7:  coveralls (0.7.0) from /opt/boxen/rbenv/versions/2.0.0-p353/lib/ruby/gems/2.0.0/specifications/coveralls-0.7.0.gemspec
I, [2014-02-24T17:41:38.119069 #95399]  INFO -- : 4:  rubocop (0.18.1) from /opt/boxen/rbenv/versions/2.0.0-p353/lib/ruby/gems/2.0.0/specifications/rubocop-0.18.1.gemspec
I, [2014-02-24T17:41:38.119736 #95399]  INFO -- : 4:  rspec-nc (0.0.6) from /opt/boxen/rbenv/versions/2.0.0-p353/lib/ruby/gems/2.0.0/specifications/rspec-nc-0.0.6.gemspec
I, [2014-02-24T17:41:38.119824 #95397]  INFO -- : 2:  shoulda-matchers (2.3.0) from /opt/boxen/rbenv/versions/2.0.0-p353/lib/ruby/gems/2.0.0/specifications/shoulda-matchers-2.3.0.gemspec
I, [2014-02-24T17:41:38.273891 #95400]  INFO -- : 5:  fever (0.0.1) from /Users/justin/src/personal/fever/fever.gemspec
